[2019-03-14 13:12:59] local.ERROR: SQLSTATE[HY000] [2002] Kan geen verbinding maken omdat de doelcomputer de verbinding actief heeft geweigerd.
 (SQL: select * from `users` where `email` = jensvercruysse@outlook.com limit 1) {"exception":"[object] (Illuminate\\Database\\QueryException(code: 2002): SQLSTATE[HY000] [2002] Kan geen verbinding maken omdat de doelcomputer de verbinding actief heeft geweigerd.
 (SQL: select * from `users` where `email` = jensvercruysse@outlook.com limit 1) at C:\\Users\\jensv\\OneDrive\\Documenten\\School\\Tweede jaar\\Projectwerk\\bug-kiosk\\vendor\\laravel\\framework\\src\\Illuminate\\Database\\Connection.php:664, PDOException(code: 2002): SQLSTATE[HY000] [2002] Kan geen verbinding maken omdat de doelcomputer de verbinding actief heeft geweigerd.
 at C:\\Users\\jensv\\OneDrive\\Documenten\\School\\Tweede jaar\\Projectwerk\\bug-kiosk\\vendor\\laravel\\framework\\src\\Illuminate\\Database\\Connectors\\Connector.php:70)
[stacktrace]
#0 C:\\Users\\jensv\\OneDrive\\Documenten\\School\\Tweede jaar\\Projectwerk\\bug-kiosk\\vendor\\laravel\\framework\\src\\Illuminate\\Database\\Connection.php(624): Illuminate\\Database\\Connection->runQueryCallback('select * from `...', Array, Object(Closure))
#1 C:\\Users\\jensv\\OneDrive\\Documenten\\School\\Tweede jaar\\Projectwerk\\bug-kiosk\\vendor\\laravel\\framework\\src\\Illuminate\\Database\\Connection.php(333): Illuminate\\Database\\Connection->run('select * from `...', Array, Object(Closure))
#2 C:\\Users\\jensv\\OneDrive\\Documenten\\School\\Tweede jaar\\Projectwerk\\bug-kiosk\\vendor\\laravel\\framework\\src\\Illuminate\\Database\\Query\\Builder.php(2096): Illuminate\\Database\\Connection->select('select * from `...', Array, true)
#3 C:\\Users\\jensv\\OneDrive\\Documenten\\School\\Tweede jaar\\Projectwerk\\bug-kiosk\\vendor\\laravel\\framework\\src\\Illuminate\\Database\\Query\\Builder.php(2084): Illuminate\\Database\\Query\\Builder->runSelect()
#4 C:\\Users\\jensv\\OneDrive\\Documenten\\School\\Tweede jaar\\Projectwerk\\bug-kiosk\\vendor\\laravel\\framework\\src\\Illuminate\\Database\\Query\\Builder.php(2570): Illuminate\\Database\\Query\\Builder->Illuminate\\Database\\Query\\{closure}()
#5 C:\\Users\\jensv\\OneDrive\\Documenten\\School\\Tweede jaar\\Projectwerk\\bug-kiosk\\vendor\\laravel\\framework\\src\\Illuminate\\Database\\Query\\Builder.php(2085): Illuminate\\Database\\Query\\Builder->onceWithColumns(Array, Object(Closure))
#6 C:\\Users\\jensv\\OneDrive\\Documenten\\School\\Tweede jaar\\Projectwerk\\bug-kiosk\\vendor\\laravel\\framework\\src\\Illuminate\\Database\\Eloquent\\Builder.php(519): Illuminate\\Database\\Query\\Builder->get(Array)
#7 C:\\Users\\jensv\\OneDrive\\Documenten\\School\\Tweede jaar\\Projectwerk\\bug-kiosk\\vendor\\laravel\\framework\\src\\Illuminate\\Database\\Eloquent\\Builder.php(503): Illuminate\\Database\\Eloquent\\Builder->getModels(Array)
#8 C:\\Users\\jensv\\OneDrive\\Documenten\\School\\Tweede jaar\\Projectwerk\\bug-kiosk\\vendor\\laravel\\framework\\src\\Illuminate\\Database\\Concerns\\BuildsQueries.php(77): Illuminate\\Database\\Eloquent\\Builder->get(Array)
#9 C:\\Users\\jensv\\OneDrive\\Documenten\\School\\Tweede jaar\\Projectwerk\\bug-kiosk\\app\\Http\\Controllers\\Auth\\LoginController.php(57): Illuminate\\Database\\Eloquent\\Builder->first()
#10 [internal function]: App\\Http\\Controllers\\Auth\\LoginController->handleProviderCallback('facebook')
#11 C:\\Users\\jensv\\OneDrive\\Documenten\\School\\Tweede jaar\\Projectwerk\\bug-kiosk\\vendor\\laravel\\framework\\src\\Illuminate\\Routing\\Controller.php(54): call_user_func_array(Array, Array)
#12 C:\\Users\\jensv\\OneDrive\\Documenten\\School\\Tweede jaar\\Projectwerk\\bug-kiosk\\vendor\\laravel\\framework\\src\\Illuminate\\Routing\\ControllerDispatcher.php(45): Illuminate\\Routing\\Controller->callAction('handleProviderC...', Array)
#13 C:\\Users\\jensv\\OneDrive\\Documenten\\School\\Tweede jaar\\Projectwerk\\bug-kiosk\\vendor\\laravel\\framework\\src\\Illuminate\\Routing\\Route.php(219): Illuminate\\Routing\\ControllerDispatcher->dispatch(Object(Illuminate\\Routing\\Route), Object(App\\Http\\Controllers\\Auth\\LoginController), 'handleProviderC...')
#14 C:\\Users\\jensv\\OneDrive\\Documenten\\School\\Tweede jaar\\Projectwerk\\bug-kiosk\\vendor\\laravel\\framework\\src\\Illuminate\\Routing\\Route.php(176): Illuminate\\Routing\\Route->runController()
#15 C:\\Users\\jensv\\OneDrive\\Documenten\\School\\Tweede jaar\\Projectwerk\\bug-kiosk\\vendor\\laravel\\framework\\src\\Illuminate\\Routing\\Router.php(680): Illuminate\\Routing\\Route->run()
#16 C:\\Users\\jensv\\OneDrive\\Documenten\\School\\Tweede jaar\\Projectwerk\\bug-kiosk\\vendor\\laravel\\framework\\src\\Illuminate\\Routing\\Pipeline.php(30): Illuminate\\Routing\\Router->Illuminate\\Routing\\{closure}(Object(Illuminate\\Http\\Request))
#17 C:\\Users\\jensv\\OneDrive\\Documenten\\School\\Tweede jaar\\Projectwerk\\bug-kiosk\\app\\Http\\Middleware\\RedirectIfAuthenticated.php(24): Illuminate\\Routing\\Pipeline->Illuminate\\Routing\\{closure}(Object(Illuminate\\Http\\Request))
#18 C:\\Users\\jensv\\OneDrive\\Documenten\\School\\Tweede jaar\\Projectwerk\\bug-kiosk\\vendor\\laravel\\framework\\src\\Illuminate\\Pipeline\\Pipeline.php(163): App\\Http\\Middleware\\RedirectIfAuthenticated->handle(Object(Illuminate\\Http\\Request), Object(Closure))
#19 C:\\Users\\jensv\\OneDrive\\Documenten\\School\\Tweede jaar\\Projectwerk\\bug-kiosk\\vendor\\laravel\\framework\\src\\Illuminate\\Routing\\Pipeline.php(53): Illuminate\\Pipeline\\Pipeline->Illuminate\\Pipeline\\{closure}(Object(Illuminate\\Http\\Request))
#20 C:\\Users\\jensv\\OneDrive\\Documenten\\School\\Tweede jaar\\Projectwerk\\bug-kiosk\\vendor\\laravel\\framework\\src\\Illuminate\\Routing\\Middleware\\SubstituteBindings.php(41): Illuminate\\Routing\\Pipeline->Illuminate\\Routing\\{closure}(Object(Illuminate\\Http\\Request))
#21 C:\\Users\\jensv\\OneDrive\\Documenten\\School\\Tweede jaar\\Projectwerk\\bug-kiosk\\vendor\\laravel\\framework\\src\\Illuminate\\Pipeline\\Pipeline.php(163): Illuminate\\Routing\\Middleware\\SubstituteBindings->handle(Object(Illuminate\\Http\\Request), Object(Closure))
#22 C:\\Users\\jensv\\OneDrive\\Documenten\\School\\Tweede jaar\\Projectwerk\\bug-kiosk\\vendor\\laravel\\framework\\src\\Illuminate\\Routing\\Pipeline.php(53): Illuminate\\Pipeline\\Pipeline->Illuminate\\Pipeline\\{closure}(Object(Illuminate\\Http\\Request))
#23 C:\\Users\\jensv\\OneDrive\\Documenten\\School\\Tweede jaar\\Projectwerk\\bug-kiosk\\vendor\\laravel\\framework\\src\\Illuminate\\Foundation\\Http\\Middleware\\VerifyCsrfToken.php(75): Illuminate\\Routing\\Pipeline->Illuminate\\Routing\\{closure}(Object(Illuminate\\Http\\Request))
#24 C:\\Users\\jensv\\OneDrive\\Documenten\\School\\Tweede jaar\\Projectwerk\\bug-kiosk\\vendor\\laravel\\framework\\src\\Illuminate\\Pipeline\\Pipeline.php(163): Illuminate\\Foundation\\Http\\Middleware\\VerifyCsrfToken->handle(Object(Illuminate\\Http\\Request), Object(Closure))
#25 C:\\Users\\jensv\\OneDrive\\Documenten\\School\\Tweede jaar\\Projectwerk\\bug-kiosk\\vendor\\laravel\\framework\\src\\Illuminate\\Routing\\Pipeline.php(53): Illuminate\\Pipeline\\Pipeline->Illuminate\\Pipeline\\{closure}(Object(Illuminate\\Http\\Request))
#26 C:\\Users\\jensv\\OneDrive\\Documenten\\School\\Tweede jaar\\Projectwerk\\bug-kiosk\\vendor\\laravel\\framework\\src\\Illuminate\\View\\Middleware\\ShareErrorsFromSession.php(49): Illuminate\\Routing\\Pipeline->Illuminate\\Routing\\{closure}(Object(Illuminate\\Http\\Request))
#27 C:\\Users\\jensv\\OneDrive\\Documenten\\School\\Tweede jaar\\Projectwerk\\bug-kiosk\\vendor\\laravel\\framework\\src\\Illuminate\\Pipeline\\Pipeline.php(163): Illuminate\\View\\Middleware\\ShareErrorsFromSession->handle(Object(Illuminate\\Http\\Request), Object(Closure))
#28 C:\\Users\\jensv\\OneDrive\\Documenten\\School\\Tweede jaar\\Projectwerk\\bug-kiosk\\vendor\\laravel\\framework\\src\\Illuminate\\Routing\\Pipeline.php(53): Illuminate\\Pipeline\\Pipeline->Illuminate\\Pipeline\\{closure}(Object(Illuminate\\Http\\Request))
#29 C:\\Users\\jensv\\OneDrive\\Documenten\\School\\Tweede jaar\\Projectwerk\\bug-kiosk\\vendor\\laravel\\framework\\src\\Illuminate\\Session\\Middleware\\StartSession.php(59): Illuminate\\Routing\\Pipeline->Illuminate\\Routing\\{closure}(Object(Illuminate\\Http\\Request))
#30 C:\\Users\\jensv\\OneDrive\\Documenten\\School\\Tweede jaar\\Projectwerk\\bug-kiosk\\vendor\\laravel\\framework\\src\\Illuminate\\Pipeline\\Pipeline.php(163): Illuminate\\Session\\Middleware\\StartSession->handle(Object(Illuminate\\Http\\Request), Object(Closure))
#31 C:\\Users\\jensv\\OneDrive\\Documenten\\School\\Tweede jaar\\Projectwerk\\bug-kiosk\\vendor\\laravel\\framework\\src\\Illuminate\\Routing\\Pipeline.php(53): Illuminate\\Pipeline\\Pipeline->Illuminate\\Pipeline\\{closure}(Object(Illuminate\\Http\\Request))
#32 C:\\Users\\jensv\\OneDrive\\Documenten\\School\\Tweede jaar\\Projectwerk\\bug-kiosk\\vendor\\laravel\\framework\\src\\Illuminate\\Cookie\\Middleware\\AddQueuedCookiesToResponse.php(37): Illuminate\\Routing\\Pipeline->Illuminate\\Routing\\{closure}(Object(Illuminate\\Http\\Request))
#33 C:\\Users\\jensv\\OneDrive\\Documenten\\School\\Tweede jaar\\Projectwerk\\bug-kiosk\\vendor\\laravel\\framework\\src\\Illuminate\\Pipeline\\Pipeline.php(163): Illuminate\\Cookie\\Middleware\\AddQueuedCookiesToResponse->handle(Object(Illuminate\\Http\\Request), Object(Closure))
#34 C:\\Users\\jensv\\OneDrive\\Documenten\\School\\Tweede jaar\\Projectwerk\\bug-kiosk\\vendor\\laravel\\framework\\src\\Illuminate\\Routing\\Pipeline.php(53): Illuminate\\Pipeline\\Pipeline->Illuminate\\Pipeline\\{closure}(Object(Illuminate\\Http\\Request))
#35 C:\\Users\\jensv\\OneDrive\\Documenten\\School\\Tweede jaar\\Projectwerk\\bug-kiosk\\vendor\\laravel\\framework\\src\\Illuminate\\Cookie\\Middleware\\EncryptCookies.php(66): Illuminate\\Routing\\Pipeline->Illuminate\\Routing\\{closure}(Object(Illuminate\\Http\\Request))
#36 C:\\Users\\jensv\\OneDrive\\Documenten\\School\\Tweede jaar\\Projectwerk\\bug-kiosk\\vendor\\laravel\\framework\\src\\Illuminate\\Pipeline\\Pipeline.php(163): Illuminate\\Cookie\\Middleware\\EncryptCookies->handle(Object(Illuminate\\Http\\Request), Object(Closure))
#37 C:\\Users\\jensv\\OneDrive\\Documenten\\School\\Tweede jaar\\Projectwerk\\bug-kiosk\\vendor\\laravel\\framework\\src\\Illuminate\\Routing\\Pipeline.php(53): Illuminate\\Pipeline\\Pipeline->Illuminate\\Pipeline\\{closure}(Object(Illuminate\\Http\\Request))
#38 C:\\Users\\jensv\\OneDrive\\Documenten\\School\\Tweede jaar\\Projectwerk\\bug-kiosk\\vendor\\laravel\\framework\\src\\Illuminate\\Pipeline\\Pipeline.php(104): Illuminate\\Routing\\Pipeline->Illuminate\\Routing\\{closure}(Object(Illuminate\\Http\\Request))
#39 C:\\Users\\jensv\\OneDrive\\Documenten\\School\\Tweede jaar\\Projectwerk\\bug-kiosk\\vendor\\laravel\\framework\\src\\Illuminate\\Routing\\Router.php(682): Illuminate\\Pipeline\\Pipeline->then(Object(Closure))
#40 C:\\Users\\jensv\\OneDrive\\Documenten\\School\\Tweede jaar\\Projectwerk\\bug-kiosk\\vendor\\laravel\\framework\\src\\Illuminate\\Routing\\Router.php(657): Illuminate\\Routing\\Router->runRouteWithinStack(Object(Illuminate\\Routing\\Route), Object(Illuminate\\Http\\Request))
#41 C:\\Users\\jensv\\OneDrive\\Documenten\\School\\Tweede jaar\\Projectwerk\\bug-kiosk\\vendor\\laravel\\framework\\src\\Illuminate\\Routing\\Router.php(623): Illuminate\\Routing\\Router->runRoute(Object(Illuminate\\Http\\Request), Object(Illuminate\\Routing\\Route))
#42 C:\\Users\\jensv\\OneDrive\\Documenten\\School\\Tweede jaar\\Projectwerk\\bug-kiosk\\vendor\\laravel\\framework\\src\\Illuminate\\Routing\\Router.php(612): Illuminate\\Routing\\Router->dispatchToRoute(Object(Illuminate\\Http\\Request))
#43 C:\\Users\\jensv\\OneDrive\\Documenten\\School\\Tweede jaar\\Projectwerk\\bug-kiosk\\vendor\\laravel\\framework\\src\\Illuminate\\Foundation\\Http\\Kernel.php(176): Illuminate\\Routing\\Router->dispatch(Object(Illuminate\\Http\\Request))
#44 C:\\Users\\jensv\\OneDrive\\Documenten\\School\\Tweede jaar\\Projectwerk\\bug-kiosk\\vendor\\laravel\\framework\\src\\Illuminate\\Routing\\Pipeline.php(30): Illuminate\\Foundation\\Http\\Kernel->Illuminate\\Foundation\\Http\\{closure}(Object(Illuminate\\Http\\Request))
#45 C:\\Users\\jensv\\OneDrive\\Documenten\\School\\Tweede jaar\\Projectwerk\\bug-kiosk\\vendor\\fideloper\\proxy\\src\\TrustProxies.php(57): Illuminate\\Routing\\Pipeline->Illuminate\\Routing\\{closure}(Object(Illuminate\\Http\\Request))
#46 C:\\Users\\jensv\\OneDrive\\Documenten\\School\\Tweede jaar\\Projectwerk\\bug-kiosk\\vendor\\laravel\\framework\\src\\Illuminate\\Pipeline\\Pipeline.php(163): Fideloper\\Proxy\\TrustProxies->handle(Object(Illuminate\\Http\\Request), Object(Closure))
#47 C:\\Users\\jensv\\OneDrive\\Documenten\\School\\Tweede jaar\\Projectwerk\\bug-kiosk\\vendor\\laravel\\framework\\src\\Illuminate\\Routing\\Pipeline.php(53): Illuminate\\Pipeline\\Pipeline->Illuminate\\Pipeline\\{closure}(Object(Illuminate\\Http\\Request))
#48 C:\\Users\\jensv\\OneDrive\\Documenten\\School\\Tweede jaar\\Projectwerk\\bug-kiosk\\vendor\\laravel\\framework\\src\\Illuminate\\Foundation\\Http\\Middleware\\TransformsRequest.php(21): Illuminate\\Routing\\Pipeline->Illuminate\\Routing\\{closure}(Object(Illuminate\\Http\\Request))
#49 C:\\Users\\jensv\\OneDrive\\Documenten\\School\\Tweede jaar\\Projectwerk\\bug-kiosk\\vendor\\laravel\\framework\\src\\Illuminate\\Pipeline\\Pipeline.php(163): Illuminate\\Foundation\\Http\\Middleware\\TransformsRequest->handle(Object(Illuminate\\Http\\Request), Object(Closure))
#50 C:\\Users\\jensv\\OneDrive\\Documenten\\School\\Tweede jaar\\Projectwerk\\bug-kiosk\\vendor\\laravel\\framework\\src\\Illuminate\\Routing\\Pipeline.php(53): Illuminate\\Pipeline\\Pipeline->Illuminate\\Pipeline\\{closure}(Object(Illuminate\\Http\\Request))
#51 C:\\Users\\jensv\\OneDrive\\Documenten\\School\\Tweede jaar\\Projectwerk\\bug-kiosk\\vendor\\laravel\\framework\\src\\Illuminate\\Foundation\\Http\\Middleware\\TransformsRequest.php(21): Illuminate\\Routing\\Pipeline->Illuminate\\Routing\\{closure}(Object(Illuminate\\Http\\Request))
#52 C:\\Users\\jensv\\OneDrive\\Documenten\\School\\Tweede jaar\\Projectwerk\\bug-kiosk\\vendor\\laravel\\framework\\src\\Illuminate\\Pipeline\\Pipeline.php(163): Illuminate\\Foundation\\Http\\Middleware\\TransformsRequest->handle(Object(Illuminate\\Http\\Request), Object(Closure))
#53 C:\\Users\\jensv\\OneDrive\\Documenten\\School\\Tweede jaar\\Projectwerk\\bug-kiosk\\vendor\\laravel\\framework\\src\\Illuminate\\Routing\\Pipeline.php(53): Illuminate\\Pipeline\\Pipeline->Illuminate\\Pipeline\\{closure}(Object(Illuminate\\Http\\Request))
#54 C:\\Users\\jensv\\OneDrive\\Documenten\\School\\Tweede jaar\\Projectwerk\\bug-kiosk\\vendor\\laravel\\framework\\src\\Illuminate\\Foundation\\Http\\Middleware\\ValidatePostSize.php(27): Illuminate\\Routing\\Pipeline->Illuminate\\Routing\\{closure}(Object(Illuminate\\Http\\Request))
#55 C:\\Users\\jensv\\OneDrive\\Documenten\\School\\Tweede jaar\\Projectwerk\\bug-kiosk\\vendor\\laravel\\framework\\src\\Illuminate\\Pipeline\\Pipeline.php(163): Illuminate\\Foundation\\Http\\Middleware\\ValidatePostSize->handle(Object(Illuminate\\Http\\Request), Object(Closure))
#56 C:\\Users\\jensv\\OneDrive\\Documenten\\School\\Tweede jaar\\Projectwerk\\bug-kiosk\\vendor\\laravel\\framework\\src\\Illuminate\\Routing\\Pipeline.php(53): Illuminate\\Pipeline\\Pipeline->Illuminate\\Pipeline\\{closure}(Object(Illuminate\\Http\\Request))
#57 C:\\Users\\jensv\\OneDrive\\Documenten\\School\\Tweede jaar\\Projectwerk\\bug-kiosk\\vendor\\laravel\\framework\\src\\Illuminate\\Foundation\\Http\\Middleware\\CheckForMaintenanceMode.php(62): Illuminate\\Routing\\Pipeline->Illuminate\\Routing\\{closure}(Object(Illuminate\\Http\\Request))
#58 C:\\Users\\jensv\\OneDrive\\Documenten\\School\\Tweede jaar\\Projectwerk\\bug-kiosk\\vendor\\laravel\\framework\\src\\Illuminate\\Pipeline\\Pipeline.php(163): Illuminate\\Foundation\\Http\\Middleware\\CheckForMaintenanceMode->handle(Object(Illuminate\\Http\\Request), Object(Closure))
#59 C:\\Users\\jensv\\OneDrive\\Documenten\\School\\Tweede jaar\\Projectwerk\\bug-kiosk\\vendor\\laravel\\framework\\src\\Illuminate\\Routing\\Pipeline.php(53): Illuminate\\Pipeline\\Pipeline->Illuminate\\Pipeline\\{closure}(Object(Illuminate\\Http\\Request))
#60 C:\\Users\\jensv\\OneDrive\\Documenten\\School\\Tweede jaar\\Projectwerk\\bug-kiosk\\vendor\\laravel\\framework\\src\\Illuminate\\Pipeline\\Pipeline.php(104): Illuminate\\Routing\\Pipeline->Illuminate\\Routing\\{closure}(Object(Illuminate\\Http\\Request))
#61 C:\\Users\\jensv\\OneDrive\\Documenten\\School\\Tweede jaar\\Projectwerk\\bug-kiosk\\vendor\\laravel\\framework\\src\\Illuminate\\Foundation\\Http\\Kernel.php(151): Illuminate\\Pipeline\\Pipeline->then(Object(Closure))
#62 C:\\Users\\jensv\\OneDrive\\Documenten\\School\\Tweede jaar\\Projectwerk\\bug-kiosk\\vendor\\laravel\\framework\\src\\Illuminate\\Foundation\\Http\\Kernel.php(116): Illuminate\\Foundation\\Http\\Kernel->sendRequestThroughRouter(Object(Illuminate\\Http\\Request))
#63 C:\\Users\\jensv\\OneDrive\\Documenten\\School\\Tweede jaar\\Projectwerk\\bug-kiosk\\public\\index.php(55): Illuminate\\Foundation\\Http\\Kernel->handle(Object(Illuminate\\Http\\Request))
#64 C:\\Users\\jensv\\OneDrive\\Documenten\\School\\Tweede jaar\\Projectwerk\\bug-kiosk\\server.php(21): require_once('C:\\\\Users\\\\jensv\\\\...')
#65 {main}
"} 
[2019-03-14 13:13:30] local.ERROR: View [logger] not found. {"userId":2,"exception":"[object] (InvalidArgumentException(code: 0): View [logger] not found. at C:\\Users\\jensv\\OneDrive\\Documenten\\School\\Tweede jaar\\Projectwerk\\bug-kiosk\\vendor\\laravel\\framework\\src\\Illuminate\\View\\FileViewFinder.php:137)
[stacktrace]
#0 C:\\Users\\jensv\\OneDrive\\Documenten\\School\\Tweede jaar\\Projectwerk\\bug-kiosk\\vendor\\laravel\\framework\\src\\Illuminate\\View\\FileViewFinder.php(79): Illuminate\\View\\FileViewFinder->findInPaths('logger', Array)
#1 C:\\Users\\jensv\\OneDrive\\Documenten\\School\\Tweede jaar\\Projectwerk\\bug-kiosk\\vendor\\laravel\\framework\\src\\Illuminate\\View\\Factory.php(130): Illuminate\\View\\FileViewFinder->find('logger')
#2 C:\\Users\\jensv\\OneDrive\\Documenten\\School\\Tweede jaar\\Projectwerk\\bug-kiosk\\vendor\\laravel\\framework\\src\\Illuminate\\Foundation\\helpers.php(967): Illuminate\\View\\Factory->make('logger', Array, Array)
#3 C:\\Users\\jensv\\OneDrive\\Documenten\\School\\Tweede jaar\\Projectwerk\\bug-kiosk\\app\\Http\\Controllers\\SinglePageController.php(9): view('logger')
#4 [internal function]: App\\Http\\Controllers\\SinglePageController->index()
#5 C:\\Users\\jensv\\OneDrive\\Documenten\\School\\Tweede jaar\\Projectwerk\\bug-kiosk\\vendor\\laravel\\framework\\src\\Illuminate\\Routing\\Controller.php(54): call_user_func_array(Array, Array)
#6 C:\\Users\\jensv\\OneDrive\\Documenten\\School\\Tweede jaar\\Projectwerk\\bug-kiosk\\vendor\\laravel\\framework\\src\\Illuminate\\Routing\\ControllerDispatcher.php(45): Illuminate\\Routing\\Controller->callAction('index', Array)
#7 C:\\Users\\jensv\\OneDrive\\Documenten\\School\\Tweede jaar\\Projectwerk\\bug-kiosk\\vendor\\laravel\\framework\\src\\Illuminate\\Routing\\Route.php(219): Illuminate\\Routing\\ControllerDispatcher->dispatch(Object(Illuminate\\Routing\\Route), Object(App\\Http\\Controllers\\SinglePageController), 'index')
#8 C:\\Users\\jensv\\OneDrive\\Documenten\\School\\Tweede jaar\\Projectwerk\\bug-kiosk\\vendor\\laravel\\framework\\src\\Illuminate\\Routing\\Route.php(176): Illuminate\\Routing\\Route->runController()
#9 C:\\Users\\jensv\\OneDrive\\Documenten\\School\\Tweede jaar\\Projectwerk\\bug-kiosk\\vendor\\laravel\\framework\\src\\Illuminate\\Routing\\Router.php(680): Illuminate\\Routing\\Route->run()
#10 C:\\Users\\jensv\\OneDrive\\Documenten\\School\\Tweede jaar\\Projectwerk\\bug-kiosk\\vendor\\laravel\\framework\\src\\Illuminate\\Routing\\Pipeline.php(30): Illuminate\\Routing\\Router->Illuminate\\Routing\\{closure}(Object(Illuminate\\Http\\Request))
#11 C:\\Users\\jensv\\OneDrive\\Documenten\\School\\Tweede jaar\\Projectwerk\\bug-kiosk\\vendor\\laravel\\framework\\src\\Illuminate\\Routing\\Middleware\\SubstituteBindings.php(41): Illuminate\\Routing\\Pipeline->Illuminate\\Routing\\{closure}(Object(Illuminate\\Http\\Request))
#12 C:\\Users\\jensv\\OneDrive\\Documenten\\School\\Tweede jaar\\Projectwerk\\bug-kiosk\\vendor\\laravel\\framework\\src\\Illuminate\\Pipeline\\Pipeline.php(163): Illuminate\\Routing\\Middleware\\SubstituteBindings->handle(Object(Illuminate\\Http\\Request), Object(Closure))
#13 C:\\Users\\jensv\\OneDrive\\Documenten\\School\\Tweede jaar\\Projectwerk\\bug-kiosk\\vendor\\laravel\\framework\\src\\Illuminate\\Routing\\Pipeline.php(53): Illuminate\\Pipeline\\Pipeline->Illuminate\\Pipeline\\{closure}(Object(Illuminate\\Http\\Request))
#14 C:\\Users\\jensv\\OneDrive\\Documenten\\School\\Tweede jaar\\Projectwerk\\bug-kiosk\\vendor\\laravel\\framework\\src\\Illuminate\\Foundation\\Http\\Middleware\\VerifyCsrfToken.php(75): Illuminate\\Routing\\Pipeline->Illuminate\\Routing\\{closure}(Object(Illuminate\\Http\\Request))
#15 C:\\Users\\jensv\\OneDrive\\Documenten\\School\\Tweede jaar\\Projectwerk\\bug-kiosk\\vendor\\laravel\\framework\\src\\Illuminate\\Pipeline\\Pipeline.php(163): Illuminate\\Foundation\\Http\\Middleware\\VerifyCsrfToken->handle(Object(Illuminate\\Http\\Request), Object(Closure))
#16 C:\\Users\\jensv\\OneDrive\\Documenten\\School\\Tweede jaar\\Projectwerk\\bug-kiosk\\vendor\\laravel\\framework\\src\\Illuminate\\Routing\\Pipeline.php(53): Illuminate\\Pipeline\\Pipeline->Illuminate\\Pipeline\\{closure}(Object(Illuminate\\Http\\Request))
#17 C:\\Users\\jensv\\OneDrive\\Documenten\\School\\Tweede jaar\\Projectwerk\\bug-kiosk\\vendor\\laravel\\framework\\src\\Illuminate\\View\\Middleware\\ShareErrorsFromSession.php(49): Illuminate\\Routing\\Pipeline->Illuminate\\Routing\\{closure}(Object(Illuminate\\Http\\Request))
#18 C:\\Users\\jensv\\OneDrive\\Documenten\\School\\Tweede jaar\\Projectwerk\\bug-kiosk\\vendor\\laravel\\framework\\src\\Illuminate\\Pipeline\\Pipeline.php(163): Illuminate\\View\\Middleware\\ShareErrorsFromSession->handle(Object(Illuminate\\Http\\Request), Object(Closure))
#19 C:\\Users\\jensv\\OneDrive\\Documenten\\School\\Tweede jaar\\Projectwerk\\bug-kiosk\\vendor\\laravel\\framework\\src\\Illuminate\\Routing\\Pipeline.php(53): Illuminate\\Pipeline\\Pipeline->Illuminate\\Pipeline\\{closure}(Object(Illuminate\\Http\\Request))
#20 C:\\Users\\jensv\\OneDrive\\Documenten\\School\\Tweede jaar\\Projectwerk\\bug-kiosk\\vendor\\laravel\\framework\\src\\Illuminate\\Session\\Middleware\\StartSession.php(59): Illuminate\\Routing\\Pipeline->Illuminate\\Routing\\{closure}(Object(Illuminate\\Http\\Request))
#21 C:\\Users\\jensv\\OneDrive\\Documenten\\School\\Tweede jaar\\Projectwerk\\bug-kiosk\\vendor\\laravel\\framework\\src\\Illuminate\\Pipeline\\Pipeline.php(163): Illuminate\\Session\\Middleware\\StartSession->handle(Object(Illuminate\\Http\\Request), Object(Closure))
#22 C:\\Users\\jensv\\OneDrive\\Documenten\\School\\Tweede jaar\\Projectwerk\\bug-kiosk\\vendor\\laravel\\framework\\src\\Illuminate\\Routing\\Pipeline.php(53): Illuminate\\Pipeline\\Pipeline->Illuminate\\Pipeline\\{closure}(Object(Illuminate\\Http\\Request))
#23 C:\\Users\\jensv\\OneDrive\\Documenten\\School\\Tweede jaar\\Projectwerk\\bug-kiosk\\vendor\\laravel\\framework\\src\\Illuminate\\Cookie\\Middleware\\AddQueuedCookiesToResponse.php(37): Illuminate\\Routing\\Pipeline->Illuminate\\Routing\\{closure}(Object(Illuminate\\Http\\Request))
#24 C:\\Users\\jensv\\OneDrive\\Documenten\\School\\Tweede jaar\\Projectwerk\\bug-kiosk\\vendor\\laravel\\framework\\src\\Illuminate\\Pipeline\\Pipeline.php(163): Illuminate\\Cookie\\Middleware\\AddQueuedCookiesToResponse->handle(Object(Illuminate\\Http\\Request), Object(Closure))
#25 C:\\Users\\jensv\\OneDrive\\Documenten\\School\\Tweede jaar\\Projectwerk\\bug-kiosk\\vendor\\laravel\\framework\\src\\Illuminate\\Routing\\Pipeline.php(53): Illuminate\\Pipeline\\Pipeline->Illuminate\\Pipeline\\{closure}(Object(Illuminate\\Http\\Request))
#26 C:\\Users\\jensv\\OneDrive\\Documenten\\School\\Tweede jaar\\Projectwerk\\bug-kiosk\\vendor\\laravel\\framework\\src\\Illuminate\\Cookie\\Middleware\\EncryptCookies.php(66): Illuminate\\Routing\\Pipeline->Illuminate\\Routing\\{closure}(Object(Illuminate\\Http\\Request))
#27 C:\\Users\\jensv\\OneDrive\\Documenten\\School\\Tweede jaar\\Projectwerk\\bug-kiosk\\vendor\\laravel\\framework\\src\\Illuminate\\Pipeline\\Pipeline.php(163): Illuminate\\Cookie\\Middleware\\EncryptCookies->handle(Object(Illuminate\\Http\\Request), Object(Closure))
#28 C:\\Users\\jensv\\OneDrive\\Documenten\\School\\Tweede jaar\\Projectwerk\\bug-kiosk\\vendor\\laravel\\framework\\src\\Illuminate\\Routing\\Pipeline.php(53): Illuminate\\Pipeline\\Pipeline->Illuminate\\Pipeline\\{closure}(Object(Illuminate\\Http\\Request))
#29 C:\\Users\\jensv\\OneDrive\\Documenten\\School\\Tweede jaar\\Projectwerk\\bug-kiosk\\vendor\\laravel\\framework\\src\\Illuminate\\Pipeline\\Pipeline.php(104): Illuminate\\Routing\\Pipeline->Illuminate\\Routing\\{closure}(Object(Illuminate\\Http\\Request))
#30 C:\\Users\\jensv\\OneDrive\\Documenten\\School\\Tweede jaar\\Projectwerk\\bug-kiosk\\vendor\\laravel\\framework\\src\\Illuminate\\Routing\\Router.php(682): Illuminate\\Pipeline\\Pipeline->then(Object(Closure))
#31 C:\\Users\\jensv\\OneDrive\\Documenten\\School\\Tweede jaar\\Projectwerk\\bug-kiosk\\vendor\\laravel\\framework\\src\\Illuminate\\Routing\\Router.php(657): Illuminate\\Routing\\Router->runRouteWithinStack(Object(Illuminate\\Routing\\Route), Object(Illuminate\\Http\\Request))
#32 C:\\Users\\jensv\\OneDrive\\Documenten\\School\\Tweede jaar\\Projectwerk\\bug-kiosk\\vendor\\laravel\\framework\\src\\Illuminate\\Routing\\Router.php(623): Illuminate\\Routing\\Router->runRoute(Object(Illuminate\\Http\\Request), Object(Illuminate\\Routing\\Route))
#33 C:\\Users\\jensv\\OneDrive\\Documenten\\School\\Tweede jaar\\Projectwerk\\bug-kiosk\\vendor\\laravel\\framework\\src\\Illuminate\\Routing\\Router.php(612): Illuminate\\Routing\\Router->dispatchToRoute(Object(Illuminate\\Http\\Request))
#34 C:\\Users\\jensv\\OneDrive\\Documenten\\School\\Tweede jaar\\Projectwerk\\bug-kiosk\\vendor\\laravel\\framework\\src\\Illuminate\\Foundation\\Http\\Kernel.php(176): Illuminate\\Routing\\Router->dispatch(Object(Illuminate\\Http\\Request))
#35 C:\\Users\\jensv\\OneDrive\\Documenten\\School\\Tweede jaar\\Projectwerk\\bug-kiosk\\vendor\\laravel\\framework\\src\\Illuminate\\Routing\\Pipeline.php(30): Illuminate\\Foundation\\Http\\Kernel->Illuminate\\Foundation\\Http\\{closure}(Object(Illuminate\\Http\\Request))
#36 C:\\Users\\jensv\\OneDrive\\Documenten\\School\\Tweede jaar\\Projectwerk\\bug-kiosk\\vendor\\fideloper\\proxy\\src\\TrustProxies.php(57): Illuminate\\Routing\\Pipeline->Illuminate\\Routing\\{closure}(Object(Illuminate\\Http\\Request))
#37 C:\\Users\\jensv\\OneDrive\\Documenten\\School\\Tweede jaar\\Projectwerk\\bug-kiosk\\vendor\\laravel\\framework\\src\\Illuminate\\Pipeline\\Pipeline.php(163): Fideloper\\Proxy\\TrustProxies->handle(Object(Illuminate\\Http\\Request), Object(Closure))
#38 C:\\Users\\jensv\\OneDrive\\Documenten\\School\\Tweede jaar\\Projectwerk\\bug-kiosk\\vendor\\laravel\\framework\\src\\Illuminate\\Routing\\Pipeline.php(53): Illuminate\\Pipeline\\Pipeline->Illuminate\\Pipeline\\{closure}(Object(Illuminate\\Http\\Request))
#39 C:\\Users\\jensv\\OneDrive\\Documenten\\School\\Tweede jaar\\Projectwerk\\bug-kiosk\\vendor\\laravel\\framework\\src\\Illuminate\\Foundation\\Http\\Middleware\\TransformsRequest.php(21): Illuminate\\Routing\\Pipeline->Illuminate\\Routing\\{closure}(Object(Illuminate\\Http\\Request))
#40 C:\\Users\\jensv\\OneDrive\\Documenten\\School\\Tweede jaar\\Projectwerk\\bug-kiosk\\vendor\\laravel\\framework\\src\\Illuminate\\Pipeline\\Pipeline.php(163): Illuminate\\Foundation\\Http\\Middleware\\TransformsRequest->handle(Object(Illuminate\\Http\\Request), Object(Closure))
#41 C:\\Users\\jensv\\OneDrive\\Documenten\\School\\Tweede jaar\\Projectwerk\\bug-kiosk\\vendor\\laravel\\framework\\src\\Illuminate\\Routing\\Pipeline.php(53): Illuminate\\Pipeline\\Pipeline->Illuminate\\Pipeline\\{closure}(Object(Illuminate\\Http\\Request))
#42 C:\\Users\\jensv\\OneDrive\\Documenten\\School\\Tweede jaar\\Projectwerk\\bug-kiosk\\vendor\\laravel\\framework\\src\\Illuminate\\Foundation\\Http\\Middleware\\TransformsRequest.php(21): Illuminate\\Routing\\Pipeline->Illuminate\\Routing\\{closure}(Object(Illuminate\\Http\\Request))
#43 C:\\Users\\jensv\\OneDrive\\Documenten\\School\\Tweede jaar\\Projectwerk\\bug-kiosk\\vendor\\laravel\\framework\\src\\Illuminate\\Pipeline\\Pipeline.php(163): Illuminate\\Foundation\\Http\\Middleware\\TransformsRequest->handle(Object(Illuminate\\Http\\Request), Object(Closure))
#44 C:\\Users\\jensv\\OneDrive\\Documenten\\School\\Tweede jaar\\Projectwerk\\bug-kiosk\\vendor\\laravel\\framework\\src\\Illuminate\\Routing\\Pipeline.php(53): Illuminate\\Pipeline\\Pipeline->Illuminate\\Pipeline\\{closure}(Object(Illuminate\\Http\\Request))
#45 C:\\Users\\jensv\\OneDrive\\Documenten\\School\\Tweede jaar\\Projectwerk\\bug-kiosk\\vendor\\laravel\\framework\\src\\Illuminate\\Foundation\\Http\\Middleware\\ValidatePostSize.php(27): Illuminate\\Routing\\Pipeline->Illuminate\\Routing\\{closure}(Object(Illuminate\\Http\\Request))
#46 C:\\Users\\jensv\\OneDrive\\Documenten\\School\\Tweede jaar\\Projectwerk\\bug-kiosk\\vendor\\laravel\\framework\\src\\Illuminate\\Pipeline\\Pipeline.php(163): Illuminate\\Foundation\\Http\\Middleware\\ValidatePostSize->handle(Object(Illuminate\\Http\\Request), Object(Closure))
#47 C:\\Users\\jensv\\OneDrive\\Documenten\\School\\Tweede jaar\\Projectwerk\\bug-kiosk\\vendor\\laravel\\framework\\src\\Illuminate\\Routing\\Pipeline.php(53): Illuminate\\Pipeline\\Pipeline->Illuminate\\Pipeline\\{closure}(Object(Illuminate\\Http\\Request))
#48 C:\\Users\\jensv\\OneDrive\\Documenten\\School\\Tweede jaar\\Projectwerk\\bug-kiosk\\vendor\\laravel\\framework\\src\\Illuminate\\Foundation\\Http\\Middleware\\CheckForMaintenanceMode.php(62): Illuminate\\Routing\\Pipeline->Illuminate\\Routing\\{closure}(Object(Illuminate\\Http\\Request))
#49 C:\\Users\\jensv\\OneDrive\\Documenten\\School\\Tweede jaar\\Projectwerk\\bug-kiosk\\vendor\\laravel\\framework\\src\\Illuminate\\Pipeline\\Pipeline.php(163): Illuminate\\Foundation\\Http\\Middleware\\CheckForMaintenanceMode->handle(Object(Illuminate\\Http\\Request), Object(Closure))
#50 C:\\Users\\jensv\\OneDrive\\Documenten\\School\\Tweede jaar\\Projectwerk\\bug-kiosk\\vendor\\laravel\\framework\\src\\Illuminate\\Routing\\Pipeline.php(53): Illuminate\\Pipeline\\Pipeline->Illuminate\\Pipeline\\{closure}(Object(Illuminate\\Http\\Request))
#51 C:\\Users\\jensv\\OneDrive\\Documenten\\School\\Tweede jaar\\Projectwerk\\bug-kiosk\\vendor\\laravel\\framework\\src\\Illuminate\\Pipeline\\Pipeline.php(104): Illuminate\\Routing\\Pipeline->Illuminate\\Routing\\{closure}(Object(Illuminate\\Http\\Request))
#52 C:\\Users\\jensv\\OneDrive\\Documenten\\School\\Tweede jaar\\Projectwerk\\bug-kiosk\\vendor\\laravel\\framework\\src\\Illuminate\\Foundation\\Http\\Kernel.php(151): Illuminate\\Pipeline\\Pipeline->then(Object(Closure))
#53 C:\\Users\\jensv\\OneDrive\\Documenten\\School\\Tweede jaar\\Projectwerk\\bug-kiosk\\vendor\\laravel\\framework\\src\\Illuminate\\Foundation\\Http\\Kernel.php(116): Illuminate\\Foundation\\Http\\Kernel->sendRequestThroughRouter(Object(Illuminate\\Http\\Request))
#54 C:\\Users\\jensv\\OneDrive\\Documenten\\School\\Tweede jaar\\Projectwerk\\bug-kiosk\\public\\index.php(55): Illuminate\\Foundation\\Http\\Kernel->handle(Object(Illuminate\\Http\\Request))
#55 C:\\Users\\jensv\\OneDrive\\Documenten\\School\\Tweede jaar\\Projectwerk\\bug-kiosk\\server.php(21): require_once('C:\\\\Users\\\\jensv\\\\...')
#56 {main}
"} 
[2019-03-14 17:40:41] local.ERROR: SQLSTATE[23000]: Integrity constraint violation: 1048 Column 'email' cannot be null (SQL: insert into `users` (`email`, `name`, `provider_id`, `updated_at`, `created_at`) values (, Jens Vercruysse, 2932014286, 2019-03-14 17:40:41, 2019-03-14 17:40:41)) {"exception":"[object] (Illuminate\\Database\\QueryException(code: 23000): SQLSTATE[23000]: Integrity constraint violation: 1048 Column 'email' cannot be null (SQL: insert into `users` (`email`, `name`, `provider_id`, `updated_at`, `created_at`) values (, Jens Vercruysse, 2932014286, 2019-03-14 17:40:41, 2019-03-14 17:40:41)) at C:\\Users\\jensv\\OneDrive\\Documenten\\School\\Tweede jaar\\Projectwerk\\bug-kiosk\\vendor\\laravel\\framework\\src\\Illuminate\\Database\\Connection.php:664, PDOException(code: 23000): SQLSTATE[23000]: Integrity constraint violation: 1048 Column 'email' cannot be null at C:\\Users\\jensv\\OneDrive\\Documenten\\School\\Tweede jaar\\Projectwerk\\bug-kiosk\\vendor\\laravel\\framework\\src\\Illuminate\\Database\\Connection.php:458)
[stacktrace]
#0 C:\\Users\\jensv\\OneDrive\\Documenten\\School\\Tweede jaar\\Projectwerk\\bug-kiosk\\vendor\\laravel\\framework\\src\\Illuminate\\Database\\Connection.php(624): Illuminate\\Database\\Connection->runQueryCallback('insert into `us...', Array, Object(Closure))
#1 C:\\Users\\jensv\\OneDrive\\Documenten\\School\\Tweede jaar\\Projectwerk\\bug-kiosk\\vendor\\laravel\\framework\\src\\Illuminate\\Database\\Connection.php(459): Illuminate\\Database\\Connection->run('insert into `us...', Array, Object(Closure))
#2 C:\\Users\\jensv\\OneDrive\\Documenten\\School\\Tweede jaar\\Projectwerk\\bug-kiosk\\vendor\\laravel\\framework\\src\\Illuminate\\Database\\Connection.php(411): Illuminate\\Database\\Connection->statement('insert into `us...', Array)
#3 C:\\Users\\jensv\\OneDrive\\Documenten\\School\\Tweede jaar\\Projectwerk\\bug-kiosk\\vendor\\laravel\\framework\\src\\Illuminate\\Database\\Query\\Processors\\Processor.php(32): Illuminate\\Database\\Connection->insert('insert into `us...', Array)
#4 C:\\Users\\jensv\\OneDrive\\Documenten\\School\\Tweede jaar\\Projectwerk\\bug-kiosk\\vendor\\laravel\\framework\\src\\Illuminate\\Database\\Query\\Builder.php(2633): Illuminate\\Database\\Query\\Processors\\Processor->processInsertGetId(Object(Illuminate\\Database\\Query\\Builder), 'insert into `us...', Array, 'id')
#5 C:\\Users\\jensv\\OneDrive\\Documenten\\School\\Tweede jaar\\Projectwerk\\bug-kiosk\\vendor\\laravel\\framework\\src\\Illuminate\\Database\\Eloquent\\Builder.php(1347): Illuminate\\Database\\Query\\Builder->insertGetId(Array, 'id')
#6 C:\\Users\\jensv\\OneDrive\\Documenten\\School\\Tweede jaar\\Projectwerk\\bug-kiosk\\vendor\\laravel\\framework\\src\\Illuminate\\Database\\Eloquent\\Model.php(835): Illuminate\\Database\\Eloquent\\Builder->__call('insertGetId', Array)
#7 C:\\Users\\jensv\\OneDrive\\Documenten\\School\\Tweede jaar\\Projectwerk\\bug-kiosk\\vendor\\laravel\\framework\\src\\Illuminate\\Database\\Eloquent\\Model.php(800): Illuminate\\Database\\Eloquent\\Model->insertAndSetId(Object(Illuminate\\Database\\Eloquent\\Builder), Array)
#8 C:\\Users\\jensv\\OneDrive\\Documenten\\School\\Tweede jaar\\Projectwerk\\bug-kiosk\\vendor\\laravel\\framework\\src\\Illuminate\\Database\\Eloquent\\Model.php(663): Illuminate\\Database\\Eloquent\\Model->performInsert(Object(Illuminate\\Database\\Eloquent\\Builder))
#9 C:\\Users\\jensv\\OneDrive\\Documenten\\School\\Tweede jaar\\Projectwerk\\bug-kiosk\\vendor\\laravel\\framework\\src\\Illuminate\\Database\\Eloquent\\Builder.php(793): Illuminate\\Database\\Eloquent\\Model->save()
#10 C:\\Users\\jensv\\OneDrive\\Documenten\\School\\Tweede jaar\\Projectwerk\\bug-kiosk\\vendor\\laravel\\framework\\src\\Illuminate\\Support\\helpers.php(1122): Illuminate\\Database\\Eloquent\\Builder->Illuminate\\Database\\Eloquent\\{closure}(Object(App\\User))
#11 C:\\Users\\jensv\\OneDrive\\Documenten\\School\\Tweede jaar\\Projectwerk\\bug-kiosk\\vendor\\laravel\\framework\\src\\Illuminate\\Database\\Eloquent\\Builder.php(794): tap(Object(App\\User), Object(Closure))
#12 C:\\Users\\jensv\\OneDrive\\Documenten\\School\\Tweede jaar\\Projectwerk\\bug-kiosk\\vendor\\laravel\\framework\\src\\Illuminate\\Support\\Traits\\ForwardsCalls.php(23): Illuminate\\Database\\Eloquent\\Builder->create(Array)
#13 C:\\Users\\jensv\\OneDrive\\Documenten\\School\\Tweede jaar\\Projectwerk\\bug-kiosk\\vendor\\laravel\\framework\\src\\Illuminate\\Database\\Eloquent\\Model.php(1614): Illuminate\\Database\\Eloquent\\Model->forwardCallTo(Object(Illuminate\\Database\\Eloquent\\Builder), 'create', Array)
#14 C:\\Users\\jensv\\OneDrive\\Documenten\\School\\Tweede jaar\\Projectwerk\\bug-kiosk\\vendor\\laravel\\framework\\src\\Illuminate\\Database\\Eloquent\\Model.php(1626): Illuminate\\Database\\Eloquent\\Model->__call('create', Array)
#15 C:\\Users\\jensv\\OneDrive\\Documenten\\School\\Tweede jaar\\Projectwerk\\bug-kiosk\\app\\Http\\Controllers\\Auth\\LoginController.php(64): Illuminate\\Database\\Eloquent\\Model::__callStatic('create', Array)
#16 [internal function]: App\\Http\\Controllers\\Auth\\LoginController->handleProviderCallback('twitter')
#17 C:\\Users\\jensv\\OneDrive\\Documenten\\School\\Tweede jaar\\Projectwerk\\bug-kiosk\\vendor\\laravel\\framework\\src\\Illuminate\\Routing\\Controller.php(54): call_user_func_array(Array, Array)
#18 C:\\Users\\jensv\\OneDrive\\Documenten\\School\\Tweede jaar\\Projectwerk\\bug-kiosk\\vendor\\laravel\\framework\\src\\Illuminate\\Routing\\ControllerDispatcher.php(45): Illuminate\\Routing\\Controller->callAction('handleProviderC...', Array)
#19 C:\\Users\\jensv\\OneDrive\\Documenten\\School\\Tweede jaar\\Projectwerk\\bug-kiosk\\vendor\\laravel\\framework\\src\\Illuminate\\Routing\\Route.php(219): Illuminate\\Routing\\ControllerDispatcher->dispatch(Object(Illuminate\\Routing\\Route), Object(App\\Http\\Controllers\\Auth\\LoginController), 'handleProviderC...')
#20 C:\\Users\\jensv\\OneDrive\\Documenten\\School\\Tweede jaar\\Projectwerk\\bug-kiosk\\vendor\\laravel\\framework\\src\\Illuminate\\Routing\\Route.php(176): Illuminate\\Routing\\Route->runController()
#21 C:\\Users\\jensv\\OneDrive\\Documenten\\School\\Tweede jaar\\Projectwerk\\bug-kiosk\\vendor\\laravel\\framework\\src\\Illuminate\\Routing\\Router.php(680): Illuminate\\Routing\\Route->run()
#22 C:\\Users\\jensv\\OneDrive\\Documenten\\School\\Tweede jaar\\Projectwerk\\bug-kiosk\\vendor\\laravel\\framework\\src\\Illuminate\\Routing\\Pipeline.php(30): Illuminate\\Routing\\Router->Illuminate\\Routing\\{closure}(Object(Illuminate\\Http\\Request))
#23 C:\\Users\\jensv\\OneDrive\\Documenten\\School\\Tweede jaar\\Projectwerk\\bug-kiosk\\app\\Http\\Middleware\\RedirectIfAuthenticated.php(24): Illuminate\\Routing\\Pipeline->Illuminate\\Routing\\{closure}(Object(Illuminate\\Http\\Request))
#24 C:\\Users\\jensv\\OneDrive\\Documenten\\School\\Tweede jaar\\Projectwerk\\bug-kiosk\\vendor\\laravel\\framework\\src\\Illuminate\\Pipeline\\Pipeline.php(163): App\\Http\\Middleware\\RedirectIfAuthenticated->handle(Object(Illuminate\\Http\\Request), Object(Closure))
#25 C:\\Users\\jensv\\OneDrive\\Documenten\\School\\Tweede jaar\\Projectwerk\\bug-kiosk\\vendor\\laravel\\framework\\src\\Illuminate\\Routing\\Pipeline.php(53): Illuminate\\Pipeline\\Pipeline->Illuminate\\Pipeline\\{closure}(Object(Illuminate\\Http\\Request))
#26 C:\\Users\\jensv\\OneDrive\\Documenten\\School\\Tweede jaar\\Projectwerk\\bug-kiosk\\vendor\\laravel\\framework\\src\\Illuminate\\Routing\\Middleware\\SubstituteBindings.php(41): Illuminate\\Routing\\Pipeline->Illuminate\\Routing\\{closure}(Object(Illuminate\\Http\\Request))
#27 C:\\Users\\jensv\\OneDrive\\Documenten\\School\\Tweede jaar\\Projectwerk\\bug-kiosk\\vendor\\laravel\\framework\\src\\Illuminate\\Pipeline\\Pipeline.php(163): Illuminate\\Routing\\Middleware\\SubstituteBindings->handle(Object(Illuminate\\Http\\Request), Object(Closure))
#28 C:\\Users\\jensv\\OneDrive\\Documenten\\School\\Tweede jaar\\Projectwerk\\bug-kiosk\\vendor\\laravel\\framework\\src\\Illuminate\\Routing\\Pipeline.php(53): Illuminate\\Pipeline\\Pipeline->Illuminate\\Pipeline\\{closure}(Object(Illuminate\\Http\\Request))
#29 C:\\Users\\jensv\\OneDrive\\Documenten\\School\\Tweede jaar\\Projectwerk\\bug-kiosk\\vendor\\laravel\\framework\\src\\Illuminate\\Foundation\\Http\\Middleware\\VerifyCsrfToken.php(75): Illuminate\\Routing\\Pipeline->Illuminate\\Routing\\{closure}(Object(Illuminate\\Http\\Request))
#30 C:\\Users\\jensv\\OneDrive\\Documenten\\School\\Tweede jaar\\Projectwerk\\bug-kiosk\\vendor\\laravel\\framework\\src\\Illuminate\\Pipeline\\Pipeline.php(163): Illuminate\\Foundation\\Http\\Middleware\\VerifyCsrfToken->handle(Object(Illuminate\\Http\\Request), Object(Closure))
#31 C:\\Users\\jensv\\OneDrive\\Documenten\\School\\Tweede jaar\\Projectwerk\\bug-kiosk\\vendor\\laravel\\framework\\src\\Illuminate\\Routing\\Pipeline.php(53): Illuminate\\Pipeline\\Pipeline->Illuminate\\Pipeline\\{closure}(Object(Illuminate\\Http\\Request))
#32 C:\\Users\\jensv\\OneDrive\\Documenten\\School\\Tweede jaar\\Projectwerk\\bug-kiosk\\vendor\\laravel\\framework\\src\\Illuminate\\View\\Middleware\\ShareErrorsFromSession.php(49): Illuminate\\Routing\\Pipeline->Illuminate\\Routing\\{closure}(Object(Illuminate\\Http\\Request))
#33 C:\\Users\\jensv\\OneDrive\\Documenten\\School\\Tweede jaar\\Projectwerk\\bug-kiosk\\vendor\\laravel\\framework\\src\\Illuminate\\Pipeline\\Pipeline.php(163): Illuminate\\View\\Middleware\\ShareErrorsFromSession->handle(Object(Illuminate\\Http\\Request), Object(Closure))
#34 C:\\Users\\jensv\\OneDrive\\Documenten\\School\\Tweede jaar\\Projectwerk\\bug-kiosk\\vendor\\laravel\\framework\\src\\Illuminate\\Routing\\Pipeline.php(53): Illuminate\\Pipeline\\Pipeline->Illuminate\\Pipeline\\{closure}(Object(Illuminate\\Http\\Request))
#35 C:\\Users\\jensv\\OneDrive\\Documenten\\School\\Tweede jaar\\Projectwerk\\bug-kiosk\\vendor\\laravel\\framework\\src\\Illuminate\\Session\\Middleware\\StartSession.php(59): Illuminate\\Routing\\Pipeline->Illuminate\\Routing\\{closure}(Object(Illuminate\\Http\\Request))
#36 C:\\Users\\jensv\\OneDrive\\Documenten\\School\\Tweede jaar\\Projectwerk\\bug-kiosk\\vendor\\laravel\\framework\\src\\Illuminate\\Pipeline\\Pipeline.php(163): Illuminate\\Session\\Middleware\\StartSession->handle(Object(Illuminate\\Http\\Request), Object(Closure))
#37 C:\\Users\\jensv\\OneDrive\\Documenten\\School\\Tweede jaar\\Projectwerk\\bug-kiosk\\vendor\\laravel\\framework\\src\\Illuminate\\Routing\\Pipeline.php(53): Illuminate\\Pipeline\\Pipeline->Illuminate\\Pipeline\\{closure}(Object(Illuminate\\Http\\Request))
#38 C:\\Users\\jensv\\OneDrive\\Documenten\\School\\Tweede jaar\\Projectwerk\\bug-kiosk\\vendor\\laravel\\framework\\src\\Illuminate\\Cookie\\Middleware\\AddQueuedCookiesToResponse.php(37): Illuminate\\Routing\\Pipeline->Illuminate\\Routing\\{closure}(Object(Illuminate\\Http\\Request))
#39 C:\\Users\\jensv\\OneDrive\\Documenten\\School\\Tweede jaar\\Projectwerk\\bug-kiosk\\vendor\\laravel\\framework\\src\\Illuminate\\Pipeline\\Pipeline.php(163): Illuminate\\Cookie\\Middleware\\AddQueuedCookiesToResponse->handle(Object(Illuminate\\Http\\Request), Object(Closure))
#40 C:\\Users\\jensv\\OneDrive\\Documenten\\School\\Tweede jaar\\Projectwerk\\bug-kiosk\\vendor\\laravel\\framework\\src\\Illuminate\\Routing\\Pipeline.php(53): Illuminate\\Pipeline\\Pipeline->Illuminate\\Pipeline\\{closure}(Object(Illuminate\\Http\\Request))
#41 C:\\Users\\jensv\\OneDrive\\Documenten\\School\\Tweede jaar\\Projectwerk\\bug-kiosk\\vendor\\laravel\\framework\\src\\Illuminate\\Cookie\\Middleware\\EncryptCookies.php(66): Illuminate\\Routing\\Pipeline->Illuminate\\Routing\\{closure}(Object(Illuminate\\Http\\Request))
#42 C:\\Users\\jensv\\OneDrive\\Documenten\\School\\Tweede jaar\\Projectwerk\\bug-kiosk\\vendor\\laravel\\framework\\src\\Illuminate\\Pipeline\\Pipeline.php(163): Illuminate\\Cookie\\Middleware\\EncryptCookies->handle(Object(Illuminate\\Http\\Request), Object(Closure))
#43 C:\\Users\\jensv\\OneDrive\\Documenten\\School\\Tweede jaar\\Projectwerk\\bug-kiosk\\vendor\\laravel\\framework\\src\\Illuminate\\Routing\\Pipeline.php(53): Illuminate\\Pipeline\\Pipeline->Illuminate\\Pipeline\\{closure}(Object(Illuminate\\Http\\Request))
#44 C:\\Users\\jensv\\OneDrive\\Documenten\\School\\Tweede jaar\\Projectwerk\\bug-kiosk\\vendor\\laravel\\framework\\src\\Illuminate\\Pipeline\\Pipeline.php(104): Illuminate\\Routing\\Pipeline->Illuminate\\Routing\\{closure}(Object(Illuminate\\Http\\Request))
#45 C:\\Users\\jensv\\OneDrive\\Documenten\\School\\Tweede jaar\\Projectwerk\\bug-kiosk\\vendor\\laravel\\framework\\src\\Illuminate\\Routing\\Router.php(682): Illuminate\\Pipeline\\Pipeline->then(Object(Closure))
#46 C:\\Users\\jensv\\OneDrive\\Documenten\\School\\Tweede jaar\\Projectwerk\\bug-kiosk\\vendor\\laravel\\framework\\src\\Illuminate\\Routing\\Router.php(657): Illuminate\\Routing\\Router->runRouteWithinStack(Object(Illuminate\\Routing\\Route), Object(Illuminate\\Http\\Request))
#47 C:\\Users\\jensv\\OneDrive\\Documenten\\School\\Tweede jaar\\Projectwerk\\bug-kiosk\\vendor\\laravel\\framework\\src\\Illuminate\\Routing\\Router.php(623): Illuminate\\Routing\\Router->runRoute(Object(Illuminate\\Http\\Request), Object(Illuminate\\Routing\\Route))
#48 C:\\Users\\jensv\\OneDrive\\Documenten\\School\\Tweede jaar\\Projectwerk\\bug-kiosk\\vendor\\laravel\\framework\\src\\Illuminate\\Routing\\Router.php(612): Illuminate\\Routing\\Router->dispatchToRoute(Object(Illuminate\\Http\\Request))
#49 C:\\Users\\jensv\\OneDrive\\Documenten\\School\\Tweede jaar\\Projectwerk\\bug-kiosk\\vendor\\laravel\\framework\\src\\Illuminate\\Foundation\\Http\\Kernel.php(176): Illuminate\\Routing\\Router->dispatch(Object(Illuminate\\Http\\Request))
#50 C:\\Users\\jensv\\OneDrive\\Documenten\\School\\Tweede jaar\\Projectwerk\\bug-kiosk\\vendor\\laravel\\framework\\src\\Illuminate\\Routing\\Pipeline.php(30): Illuminate\\Foundation\\Http\\Kernel->Illuminate\\Foundation\\Http\\{closure}(Object(Illuminate\\Http\\Request))
#51 C:\\Users\\jensv\\OneDrive\\Documenten\\School\\Tweede jaar\\Projectwerk\\bug-kiosk\\vendor\\fideloper\\proxy\\src\\TrustProxies.php(57): Illuminate\\Routing\\Pipeline->Illuminate\\Routing\\{closure}(Object(Illuminate\\Http\\Request))
#52 C:\\Users\\jensv\\OneDrive\\Documenten\\School\\Tweede jaar\\Projectwerk\\bug-kiosk\\vendor\\laravel\\framework\\src\\Illuminate\\Pipeline\\Pipeline.php(163): Fideloper\\Proxy\\TrustProxies->handle(Object(Illuminate\\Http\\Request), Object(Closure))
#53 C:\\Users\\jensv\\OneDrive\\Documenten\\School\\Tweede jaar\\Projectwerk\\bug-kiosk\\vendor\\laravel\\framework\\src\\Illuminate\\Routing\\Pipeline.php(53): Illuminate\\Pipeline\\Pipeline->Illuminate\\Pipeline\\{closure}(Object(Illuminate\\Http\\Request))
#54 C:\\Users\\jensv\\OneDrive\\Documenten\\School\\Tweede jaar\\Projectwerk\\bug-kiosk\\vendor\\laravel\\framework\\src\\Illuminate\\Foundation\\Http\\Middleware\\TransformsRequest.php(21): Illuminate\\Routing\\Pipeline->Illuminate\\Routing\\{closure}(Object(Illuminate\\Http\\Request))
#55 C:\\Users\\jensv\\OneDrive\\Documenten\\School\\Tweede jaar\\Projectwerk\\bug-kiosk\\vendor\\laravel\\framework\\src\\Illuminate\\Pipeline\\Pipeline.php(163): Illuminate\\Foundation\\Http\\Middleware\\TransformsRequest->handle(Object(Illuminate\\Http\\Request), Object(Closure))
#56 C:\\Users\\jensv\\OneDrive\\Documenten\\School\\Tweede jaar\\Projectwerk\\bug-kiosk\\vendor\\laravel\\framework\\src\\Illuminate\\Routing\\Pipeline.php(53): Illuminate\\Pipeline\\Pipeline->Illuminate\\Pipeline\\{closure}(Object(Illuminate\\Http\\Request))
#57 C:\\Users\\jensv\\OneDrive\\Documenten\\School\\Tweede jaar\\Projectwerk\\bug-kiosk\\vendor\\laravel\\framework\\src\\Illuminate\\Foundation\\Http\\Middleware\\TransformsRequest.php(21): Illuminate\\Routing\\Pipeline->Illuminate\\Routing\\{closure}(Object(Illuminate\\Http\\Request))
#58 C:\\Users\\jensv\\OneDrive\\Documenten\\School\\Tweede jaar\\Projectwerk\\bug-kiosk\\vendor\\laravel\\framework\\src\\Illuminate\\Pipeline\\Pipeline.php(163): Illuminate\\Foundation\\Http\\Middleware\\TransformsRequest->handle(Object(Illuminate\\Http\\Request), Object(Closure))
#59 C:\\Users\\jensv\\OneDrive\\Documenten\\School\\Tweede jaar\\Projectwerk\\bug-kiosk\\vendor\\laravel\\framework\\src\\Illuminate\\Routing\\Pipeline.php(53): Illuminate\\Pipeline\\Pipeline->Illuminate\\Pipeline\\{closure}(Object(Illuminate\\Http\\Request))
#60 C:\\Users\\jensv\\OneDrive\\Documenten\\School\\Tweede jaar\\Projectwerk\\bug-kiosk\\vendor\\laravel\\framework\\src\\Illuminate\\Foundation\\Http\\Middleware\\ValidatePostSize.php(27): Illuminate\\Routing\\Pipeline->Illuminate\\Routing\\{closure}(Object(Illuminate\\Http\\Request))
#61 C:\\Users\\jensv\\OneDrive\\Documenten\\School\\Tweede jaar\\Projectwerk\\bug-kiosk\\vendor\\laravel\\framework\\src\\Illuminate\\Pipeline\\Pipeline.php(163): Illuminate\\Foundation\\Http\\Middleware\\ValidatePostSize->handle(Object(Illuminate\\Http\\Request), Object(Closure))
#62 C:\\Users\\jensv\\OneDrive\\Documenten\\School\\Tweede jaar\\Projectwerk\\bug-kiosk\\vendor\\laravel\\framework\\src\\Illuminate\\Routing\\Pipeline.php(53): Illuminate\\Pipeline\\Pipeline->Illuminate\\Pipeline\\{closure}(Object(Illuminate\\Http\\Request))
#63 C:\\Users\\jensv\\OneDrive\\Documenten\\School\\Tweede jaar\\Projectwerk\\bug-kiosk\\vendor\\laravel\\framework\\src\\Illuminate\\Foundation\\Http\\Middleware\\CheckForMaintenanceMode.php(62): Illuminate\\Routing\\Pipeline->Illuminate\\Routing\\{closure}(Object(Illuminate\\Http\\Request))
#64 C:\\Users\\jensv\\OneDrive\\Documenten\\School\\Tweede jaar\\Projectwerk\\bug-kiosk\\vendor\\laravel\\framework\\src\\Illuminate\\Pipeline\\Pipeline.php(163): Illuminate\\Foundation\\Http\\Middleware\\CheckForMaintenanceMode->handle(Object(Illuminate\\Http\\Request), Object(Closure))
#65 C:\\Users\\jensv\\OneDrive\\Documenten\\School\\Tweede jaar\\Projectwerk\\bug-kiosk\\vendor\\laravel\\framework\\src\\Illuminate\\Routing\\Pipeline.php(53): Illuminate\\Pipeline\\Pipeline->Illuminate\\Pipeline\\{closure}(Object(Illuminate\\Http\\Request))
#66 C:\\Users\\jensv\\OneDrive\\Documenten\\School\\Tweede jaar\\Projectwerk\\bug-kiosk\\vendor\\laravel\\framework\\src\\Illuminate\\Pipeline\\Pipeline.php(104): Illuminate\\Routing\\Pipeline->Illuminate\\Routing\\{closure}(Object(Illuminate\\Http\\Request))
#67 C:\\Users\\jensv\\OneDrive\\Documenten\\School\\Tweede jaar\\Projectwerk\\bug-kiosk\\vendor\\laravel\\framework\\src\\Illuminate\\Foundation\\Http\\Kernel.php(151): Illuminate\\Pipeline\\Pipeline->then(Object(Closure))
#68 C:\\Users\\jensv\\OneDrive\\Documenten\\School\\Tweede jaar\\Projectwerk\\bug-kiosk\\vendor\\laravel\\framework\\src\\Illuminate\\Foundation\\Http\\Kernel.php(116): Illuminate\\Foundation\\Http\\Kernel->sendRequestThroughRouter(Object(Illuminate\\Http\\Request))
#69 C:\\Users\\jensv\\OneDrive\\Documenten\\School\\Tweede jaar\\Projectwerk\\bug-kiosk\\public\\index.php(55): Illuminate\\Foundation\\Http\\Kernel->handle(Object(Illuminate\\Http\\Request))
#70 C:\\Users\\jensv\\OneDrive\\Documenten\\School\\Tweede jaar\\Projectwerk\\bug-kiosk\\server.php(21): require_once('C:\\\\Users\\\\jensv\\\\...')
#71 {main}
"} 
